<?xml version="1.0" encoding="UTF-8"?>
<testng-results skipped="0" failed="0" ignored="0" total="1" passed="1">
  <reporter-output>
  </reporter-output>
  <suite name="Default suite" duration-ms="4692" started-at="2020-06-22T17:42:53Z" finished-at="2020-06-22T17:42:57Z">
    <groups>
    </groups>
    <test name="Default test" duration-ms="4692" started-at="2020-06-22T17:42:53Z" finished-at="2020-06-22T17:42:57Z">
      <class name="com.jiraapisusingjsonfile.Testjira">
        <test-method status="PASS" signature="createSession()[pri:0, instance:com.jiraapisusingjsonfile.Testjira@53ca01a2]" name="createSession" duration-ms="4664" started-at="2020-06-22T17:42:53Z" finished-at="2020-06-22T17:42:57Z">
          <reporter-output>
          </reporter-output>
        </test-method> <!-- createSession -->
      </class> <!-- com.jiraapisusingjsonfile.Testjira -->
    </test> <!-- Default test -->
  </suite> <!-- Default suite -->
</testng-results>
